# JRE version: OpenJDK Runtime Environment Zulu21.44+17-CA (21.0.8+9) (build 21.0.8+9-LTS)
# Java VM: OpenJDK 64-Bit Server VM Zulu21.44+17-CA (21.0.8+9-LTS, mixed mode, sharing, tiered, compressed oops, compressed class ptrs, g1 gc, windows-amd64)
GC Precious Log:
 CardTable entry size: 512
 Card Set container configuration: InlinePtr #cards 5 size 8 Array Of Cards #cards 10 size 36 Howl #buckets 4 coarsen threshold 1843 Howl Bitmap #cards 512 size 80 coarsen threshold 460 Card regions per heap region 1 cards per card region 2048
 CPUs: 4 total, 4 available
 Memory: 7838M
 Large Page Support: Disabled
 NUMA Support: Disabled
 Compressed Oops: Enabled (32-bit)
 Heap Region Size: 1M
 Heap Min Capacity: 8M
 Heap Initial Capacity: 124M
 Heap Max Capacity: 1960M
 Pre-touch: Disabled
 Parallel Workers: 4
 Concurrent Workers: 1
 Concurrent Refinement Workers: 4
 Periodic GC: Disabled
Heap:
 garbage-first heap   total 93184K, used 71168K [0x0000000085800000, 0x0000000100000000)
  region size 1024K, 39 young (39936K), 7 survivors (7168K)
 Metaspace       used 28206K, committed 28544K, reserved 1114112K
  class space    used 3141K, committed 3328K, reserved 1048576K
GC Heap History (14 events):
Event: 2.532 GC heap before
{Heap before GC invocations=0 (full 0):
 garbage-first heap   total 126976K, used 13312K [0x0000000085800000, 0x0000000100000000)
  region size 1024K, 13 young (13312K), 0 survivors (0K)
 Metaspace       used 3688K, committed 3840K, reserved 1114112K
  class space    used 371K, committed 448K, reserved 1048576K
}
Event: 2.556 GC heap after
{Heap after GC invocations=1 (full 0):
 garbage-first heap   total 126976K, used 3264K [0x0000000085800000, 0x0000000100000000)
  region size 1024K, 2 young (2048K), 2 survivors (2048K)
 Metaspace       used 3688K, committed 3840K, reserved 1114112K
  class space    used 371K, committed 448K, reserved 1048576K
}
Event: 3.383 GC heap before
{Heap before GC invocations=1 (full 0):
 garbage-first heap   total 126976K, used 17600K [0x0000000085800000, 0x0000000100000000)
  region size 1024K, 16 young (16384K), 2 survivors (2048K)
 Metaspace       used 6006K, committed 6272K, reserved 1114112K
  class space    used 704K, committed 832K, reserved 1048576K
}
Event: 3.392 GC heap after
{Heap after GC invocations=2 (full 0):
 garbage-first heap   total 126976K, used 4232K [0x0000000085800000, 0x0000000100000000)
  region size 1024K, 1 young (1024K), 1 survivors (1024K)
 Metaspace       used 6006K, committed 6272K, reserved 1114112K
  class space    used 704K, committed 832K, reserved 1048576K
}
Event: 12.786 GC heap before
{Heap before GC invocations=2 (full 0):
 garbage-first heap   total 126976K, used 77960K [0x0000000085800000, 0x0000000100000000)
  region size 1024K, 74 young (75776K), 1 survivors (1024K)
 Metaspace       used 15730K, committed 16000K, reserved 1114112K
  class space    used 1826K, committed 1920K, reserved 1048576K
}
Event: 12.816 GC heap after
{Heap after GC invocations=3 (full 0):
 garbage-first heap   total 126976K, used 11736K [0x0000000085800000, 0x0000000100000000)
  region size 1024K, 8 young (8192K), 8 survivors (8192K)
 Metaspace       used 15730K, committed 16000K, reserved 1114112K
  class space    used 1826K, committed 1920K, reserved 1048576K
}
Event: 16.033 GC heap before
{Heap before GC invocations=3 (full 0):
 garbage-first heap   total 126976K, used 79320K [0x0000000085800000, 0x0000000100000000)
  region size 1024K, 74 young (75776K), 8 survivors (8192K)
 Metaspace       used 16881K, committed 17088K, reserved 1114112K
  class space    used 1902K, committed 1984K, reserved 1048576K
}
Event: 16.070 GC heap after
{Heap after GC invocations=4 (full 0):
 garbage-first heap   total 126976K, used 17408K [0x0000000085800000, 0x0000000100000000)
  region size 1024K, 6 young (6144K), 6 survivors (6144K)
 Metaspace       used 16881K, committed 17088K, reserved 1114112K
  class space    used 1902K, committed 1984K, reserved 1048576K
}
Event: 21.916 GC heap before
{Heap before GC invocations=4 (full 0):
 garbage-first heap   total 126976K, used 89088K [0x0000000085800000, 0x0000000100000000)
  region size 1024K, 74 young (75776K), 6 survivors (6144K)
 Metaspace       used 20855K, committed 21184K, reserved 1114112K
  class space    used 2337K, committed 2496K, reserved 1048576K
}
Event: 21.942 GC heap after
{Heap after GC invocations=5 (full 0):
 garbage-first heap   total 126976K, used 23552K [0x0000000085800000, 0x0000000100000000)
  region size 1024K, 5 young (5120K), 5 survivors (5120K)
 Metaspace       used 20855K, committed 21184K, reserved 1114112K
  class space    used 2337K, committed 2496K, reserved 1048576K
}
Event: 22.509 GC heap before
{Heap before GC invocations=5 (full 0):
 garbage-first heap   total 126976K, used 34816K [0x0000000085800000, 0x0000000100000000)
  region size 1024K, 15 young (15360K), 5 survivors (5120K)
 Metaspace       used 21194K, committed 21504K, reserved 1114112K
  class space    used 2377K, committed 2560K, reserved 1048576K
}
Event: 22.523 GC heap after
{Heap after GC invocations=6 (full 0):
 garbage-first heap   total 126976K, used 23040K [0x0000000085800000, 0x0000000100000000)
  region size 1024K, 5 young (5120K), 5 survivors (5120K)
 Metaspace       used 21194K, committed 21504K, reserved 1114112K
  class space    used 2377K, committed 2560K, reserved 1048576K
}
Event: 28.066 GC heap before
{Heap before GC invocations=7 (full 0):
 garbage-first heap   total 86016K, used 72192K [0x0000000085800000, 0x0000000100000000)
  region size 1024K, 50 young (51200K), 5 survivors (5120K)
 Metaspace       used 27175K, committed 27520K, reserved 1114112K
  class space    used 3046K, committed 3200K, reserved 1048576K
}
Event: 28.114 GC heap after
{Heap after GC invocations=8 (full 0):
 garbage-first heap   total 93184K, used 39424K [0x0000000085800000, 0x0000000100000000)
  region size 1024K, 7 young (7168K), 7 survivors (7168K)
 Metaspace       used 27175K, committed 27520K, reserved 1114112K
  class space    used 3046K, committed 3200K, reserved 1048576K
}

